SF:lib\controller\cubit\launches_simple_state.dart
DA:5,1
DA:14,1
DA:15,1
DA:16,1
DA:17,1
DA:18,1
DA:23,1
DA:31,1
DA:39,1
DA:49,0
DA:54,0
DA:55,0
DA:56,0
DA:57,0
DA:58,0
DA:59,0
DA:60,0
LF:17
LH:9
end_of_record
SF:lib\controller\cubit\launches_simple_cubit.dart
DA:12,1
DA:16,1
DA:17,1
DA:25,1
DA:26,4
DA:29,2
DA:30,2
DA:31,2
DA:32,2
DA:36,2
DA:37,2
DA:40,1
DA:41,3
DA:42,1
DA:43,2
DA:46,1
DA:47,1
DA:48,4
DA:49,5
DA:50,4
DA:52,5
DA:56,1
DA:59,0
DA:60,0
DA:62,0
DA:63,0
DA:64,0
DA:66,0
DA:67,0
DA:68,0
DA:69,0
DA:71,0
DA:72,0
DA:73,0
LF:34
LH:22
end_of_record
SF:lib\model\launches\launches_query.dart
DA:16,0
DA:17,0
DA:29,0
DA:30,0
DA:41,0
DA:42,0
DA:55,0
DA:56,0
LF:8
LH:0
end_of_record
SF:lib\model\launches\launches_query.g.dart
DA:9,0
DA:10,0
DA:11,0
DA:13,0
DA:14,0
DA:16,0
DA:17,0
DA:20,0
DA:21,0
DA:23,0
DA:25,0
DA:29,0
DA:30,0
DA:34,0
DA:35,0
DA:36,0
DA:38,0
DA:39,0
DA:40,0
DA:43,0
DA:45,0
DA:47,0
DA:49,0
DA:53,0
DA:54,0
DA:55,0
DA:59,0
DA:60,0
DA:62,0
DA:63,0
DA:65,0
DA:68,0
DA:69,0
DA:71,0
DA:73,0
DA:77,0
DA:78,0
DA:82,0
DA:84,0
DA:86,0
DA:87,0
DA:88,0
DA:90,0
DA:91,0
DA:94,0
DA:96,0
DA:98,0
DA:100,0
DA:104,0
DA:105,0
DA:106,0
DA:107,0
DA:108,0
LF:53
LH:0
end_of_record
SF:lib\model\launches\launches_simple_model.dart
DA:19,0
DA:20,0
DA:35,0
DA:36,0
LF:4
LH:0
end_of_record
SF:lib\model\launches\launches_simple_model.g.dart
DA:9,0
DA:10,0
DA:11,0
DA:12,0
DA:13,0
DA:14,0
DA:15,0
DA:16,0
DA:17,0
DA:18,0
DA:21,0
DA:22,0
DA:23,0
DA:24,0
DA:25,0
DA:26,0
DA:27,0
DA:28,0
DA:31,0
DA:32,0
DA:33,0
DA:34,0
DA:35,0
DA:36,0
DA:38,0
DA:39,0
DA:40,0
DA:43,0
DA:44,0
DA:45,0
DA:46,0
DA:47,0
DA:48,0
DA:49,0
DA:50,0
LF:35
LH:0
end_of_record
SF:lib\model\repository.dart
DA:21,0
DA:24,0
DA:28,0
DA:29,0
DA:32,0
DA:35,0
DA:36,0
DA:37,0
DA:38,0
DA:40,0
DA:41,0
DA:42,0
DA:45,0
DA:46,0
DA:47,0
DA:51,0
LF:16
LH:0
end_of_record
SF:lib\controller\space_x_exception.dart
DA:4,0
LF:1
LH:0
end_of_record
SF:lib\controller\cubit\repository_cubit.dart
DA:13,0
DA:15,0
DA:16,0
DA:18,0
DA:19,0
DA:20,0
DA:21,0
DA:23,0
DA:24,0
LF:9
LH:0
end_of_record
SF:lib\controller\cubit\repository_state.dart
DA:9,0
LF:1
LH:0
end_of_record
SF:lib\main.dart
DA:13,0
DA:15,0
DA:16,0
DA:17,0
DA:18,0
DA:21,0
DA:22,0
DA:23,0
DA:30,0
DA:31,0
DA:32,0
DA:33,0
DA:34,0
DA:43,1
DA:45,0
DA:47,0
DA:48,0
DA:49,0
DA:50,0
DA:51,0
DA:53,0
LF:21
LH:1
end_of_record
SF:lib\controller\go_router.dart
DA:14,0
DA:15,0
DA:16,0
DA:17,0
DA:18,0
DA:20,0
DA:22,0
DA:23,0
DA:28,0
DA:30,0
DA:31,0
DA:32,0
DA:33,0
DA:35,0
DA:36,0
DA:37,0
DA:38,0
DA:39,0
DA:41,0
DA:42,0
DA:44,0
DA:45,0
DA:47,0
DA:53,0
DA:54,0
DA:55,0
DA:56,0
DA:58,0
DA:59,0
LF:29
LH:0
end_of_record
SF:lib\ui\scaffold\scaffold_with_dynamic_navigation.dart
DA:10,0
DA:13,0
DA:17,0
DA:18,0
DA:24,0
DA:28,0
DA:30,0
DA:31,0
DA:35,0
DA:41,0
DA:42,0
DA:43,0
DA:44,0
DA:45,0
DA:46,0
DA:50,0
DA:51,0
DA:52,0
DA:53,0
LF:19
LH:0
end_of_record
SF:lib\ui\screens\launch_screen.dart
DA:6,1
DA:10,0
DA:12,0
DA:13,0
DA:14,0
DA:16,0
DA:17,0
DA:19,0
DA:20,0
DA:21,0
DA:22,0
DA:24,0
DA:31,0
LF:13
LH:1
end_of_record
SF:lib\ui\screens\past_launches_screen.dart
DA:8,0
DA:10,0
DA:12,0
DA:13,0
DA:15,0
DA:17,0
DA:26,0
DA:27,0
DA:33,0
DA:34,0
LF:10
LH:0
end_of_record
SF:lib\ui\screens\upcoming_launches_screen.dart
DA:8,0
DA:10,0
DA:12,0
DA:13,0
DA:15,0
DA:17,0
DA:33,0
DA:34,0
LF:8
LH:0
end_of_record
SF:lib\ui\scaffold\navigation_and_destination.dart
DA:6,0
LF:1
LH:0
end_of_record
SF:lib\ui\scaffold\scaffold_with_navigation_bar.dart
DA:5,0
DA:17,0
DA:20,0
DA:21,0
DA:22,0
DA:23,0
DA:24,0
DA:28,0
DA:29,0
DA:30,0
DA:31,0
DA:33,0
LF:12
LH:0
end_of_record
SF:lib\ui\scaffold\scaffold_with_navigation_rail.dart
DA:5,0
DA:17,0
DA:20,0
DA:21,0
DA:22,0
DA:23,0
DA:24,0
DA:27,0
DA:28,0
DA:29,0
DA:30,0
DA:31,0
DA:32,0
DA:38,0
DA:39,0
LF:15
LH:0
end_of_record
SF:lib\ui\screens\launch_list_tile.dart
DA:7,0
DA:15,0
DA:17,0
DA:19,0
DA:21,0
DA:22,0
DA:23,0
DA:26,0
DA:28,0
DA:29,0
DA:30,0
DA:31,0
DA:36,0
DA:37,0
DA:39,0
DA:40,0
DA:41,0
DA:42,0
DA:44,0
DA:45,0
DA:51,0
DA:52,0
DA:54,0
LF:23
LH:0
end_of_record
SF:lib\ui\screens\launches_screen.dart
DA:14,0
DA:18,0
DA:22,0
DA:24,0
DA:25,0
DA:27,0
DA:28,0
DA:29,0
DA:31,0
DA:34,0
DA:37,0
DA:38,0
DA:39,0
DA:41,0
DA:42,0
DA:43,0
DA:47,0
DA:48,0
DA:49,0
DA:50,0
DA:51,0
DA:52,0
DA:55,0
DA:56,0
DA:57,0
DA:67,0
DA:68,0
DA:70,0
DA:71,0
DA:72,0
DA:74,0
DA:75,0
DA:76,0
DA:78,0
DA:92,0
DA:94,0
DA:95,0
DA:96,0
LF:38
LH:0
end_of_record
